2026-02-13 13:26:19,279 - INFO - Request: {'symbol': 'BTCUSDT', 'side': 'BUY', 'type': 'MARKET', 'quantity': 0.001}
2026-02-13 13:26:19,768 - ERROR - Error placing order: BinanceRequestException: Invalid Response: 
2026-02-13 13:28:04,624 - INFO - Request: {'symbol': 'BTCUSDT', 'side': 'BUY', 'type': 'MARKET', 'quantity': 0.001}
2026-02-13 13:28:04,929 - ERROR - Error placing order: APIError(code=-4164): Order's notional must be no smaller than 100 (unless you choose reduce only).
2026-02-13 13:28:44,603 - INFO - Request: {'symbol': 'BTCUSDT', 'side': 'BUY', 'type': 'MARKET', 'quantity': 0.002}
2026-02-13 13:28:44,860 - INFO - Response: {'orderId': 12237296383, 'symbol': 'BTCUSDT', 'status': 'NEW', 'clientOrderId': 'WezWM0z8FXlr6TuNcZtwnc', 'price': '0.00', 'avgPrice': '0.00', 'origQty': '0.002', 'executedQty': '0.000', 'cumQty': '0.000', 'cumQuote': '0.00000', 'timeInForce': 'GTC', 'type': 'MARKET', 'reduceOnly': False, 'closePosition': False, 'side': 'BUY', 'positionSide': 'BOTH', 'stopPrice': '0.00', 'workingType': 'CONTRACT_PRICE', 'priceProtect': False, 'origType': 'MARKET', 'priceMatch': 'NONE', 'selfTradePreventionMode': 'EXPIRE_MAKER', 'goodTillDate': 0, 'updateTime': 1770969524336}
2026-02-13 13:28:53,544 - INFO - Request: {'symbol': 'BTCUSDT', 'side': 'BUY', 'type': 'MARKET', 'quantity': 0.002}
2026-02-13 13:28:54,832 - INFO - Response: {'orderId': 12237300410, 'symbol': 'BTCUSDT', 'status': 'NEW', 'clientOrderId': 'AbPlTVijTyiy4Tarm4W156', 'price': '0.00', 'avgPrice': '0.00', 'origQty': '0.002', 'executedQty': '0.000', 'cumQty': '0.000', 'cumQuote': '0.00000', 'timeInForce': 'GTC', 'type': 'MARKET', 'reduceOnly': False, 'closePosition': False, 'side': 'BUY', 'positionSide': 'BOTH', 'stopPrice': '0.00', 'workingType': 'CONTRACT_PRICE', 'priceProtect': False, 'origType': 'MARKET', 'priceMatch': 'NONE', 'selfTradePreventionMode': 'EXPIRE_MAKER', 'goodTillDate': 0, 'updateTime': 1770969534324}
2026-02-13 13:28:59,746 - INFO - Request: {'symbol': 'BTCUSDT', 'side': 'SELL', 'type': 'LIMIT', 'quantity': 0.002, 'price': 50000.0, 'timeInForce': 'GTC'}
2026-02-13 13:28:59,978 - ERROR - Error placing order: APIError(code=-4024): Limit price can't be lower than 62874.99.
2026-02-13 13:29:57,074 - INFO - Request: {'symbol': 'BTCUSDT', 'side': 'SELL', 'type': 'LIMIT', 'quantity': 0.002, 'price': 65000.0, 'timeInForce': 'GTC'}
2026-02-13 13:29:57,335 - INFO - Response: {'orderId': 12237322298, 'symbol': 'BTCUSDT', 'status': 'NEW', 'clientOrderId': 'z7io4C6uW8asibt4jj5jqL', 'price': '65000.00', 'avgPrice': '0.00', 'origQty': '0.002', 'executedQty': '0.000', 'cumQty': '0.000', 'cumQuote': '0.00000', 'timeInForce': 'GTC', 'type': 'LIMIT', 'reduceOnly': False, 'closePosition': False, 'side': 'SELL', 'positionSide': 'BOTH', 'stopPrice': '0.00', 'workingType': 'CONTRACT_PRICE', 'priceProtect': False, 'origType': 'LIMIT', 'priceMatch': 'NONE', 'selfTradePreventionMode': 'EXPIRE_MAKER', 'goodTillDate': 0, 'updateTime': 1770969596807}
2026-02-13 13:30:02,832 - INFO - Request: {'symbol': 'BTCUSDT', 'side': 'BUY', 'type': 'LIMIT', 'quantity': 0.002, 'price': 62000.0, 'timeInForce': 'GTC'}
2026-02-13 13:30:08,036 - ERROR - Error placing order: APIError(code=-1007): Timeout waiting for response from backend server. Send status unknown; execution status unknown.
2026-02-13 13:30:23,981 - INFO - Request: {'symbol': 'BTCUSDT', 'side': 'BUY', 'type': 'MARKET', 'quantity': 0.002}
2026-02-13 13:30:24,243 - INFO - Response: {'orderId': 12237326802, 'symbol': 'BTCUSDT', 'status': 'NEW', 'clientOrderId': 'y6L5mtLt3YPWC3QicShYCq', 'price': '0.00', 'avgPrice': '0.00', 'origQty': '0.002', 'executedQty': '0.000', 'cumQty': '0.000', 'cumQuote': '0.00000', 'timeInForce': 'GTC', 'type': 'MARKET', 'reduceOnly': False, 'closePosition': False, 'side': 'BUY', 'positionSide': 'BOTH', 'stopPrice': '0.00', 'workingType': 'CONTRACT_PRICE', 'priceProtect': False, 'origType': 'MARKET', 'priceMatch': 'NONE', 'selfTradePreventionMode': 'EXPIRE_MAKER', 'goodTillDate': 0, 'updateTime': 1770969623760}
2026-02-13 13:30:29,080 - INFO - Request: {'symbol': 'BTCUSDT', 'side': 'BUY', 'type': 'LIMIT', 'quantity': 0.002, 'price': 62000.0, 'timeInForce': 'GTC'}
2026-02-13 13:30:29,470 - INFO - Response: {'orderId': 12237329574, 'symbol': 'BTCUSDT', 'status': 'NEW', 'clientOrderId': 'PEj0iiasN3Uf3hQWShsWJJ', 'price': '62000.00', 'avgPrice': '0.00', 'origQty': '0.002', 'executedQty': '0.000', 'cumQty': '0.000', 'cumQuote': '0.00000', 'timeInForce': 'GTC', 'type': 'LIMIT', 'reduceOnly': False, 'closePosition': False, 'side': 'BUY', 'positionSide': 'BOTH', 'stopPrice': '0.00', 'workingType': 'CONTRACT_PRICE', 'priceProtect': False, 'origType': 'LIMIT', 'priceMatch': 'NONE', 'selfTradePreventionMode': 'EXPIRE_MAKER', 'goodTillDate': 0, 'updateTime': 1770969628979}
2026-02-13 13:30:34,836 - INFO - Request: {'symbol': 'BTCUSDT', 'side': 'SELL', 'type': 'LIMIT', 'quantity': 0.002, 'price': 65000.0, 'timeInForce': 'GTC'}
2026-02-13 13:30:36,099 - INFO - Response: {'orderId': 12237332292, 'symbol': 'BTCUSDT', 'status': 'NEW', 'clientOrderId': 'DSLQE85hoWt8SlswrumHPv', 'price': '65000.00', 'avgPrice': '0.00', 'origQty': '0.002', 'executedQty': '0.000', 'cumQty': '0.000', 'cumQuote': '0.00000', 'timeInForce': 'GTC', 'type': 'LIMIT', 'reduceOnly': False, 'closePosition': False, 'side': 'SELL', 'positionSide': 'BOTH', 'stopPrice': '0.00', 'workingType': 'CONTRACT_PRICE', 'priceProtect': False, 'origType': 'LIMIT', 'priceMatch': 'NONE', 'selfTradePreventionMode': 'EXPIRE_MAKER', 'goodTillDate': 0, 'updateTime': 1770969635579}
2026-02-13 13:34:20,649 - INFO - Request: {'symbol': 'BTCUSDT', 'side': 'SELL', 'type': 'STOP_MARKET', 'quantity': 0.002, 'stopPrice': 60000.0}
2026-02-13 13:34:21,110 - INFO - Response: {'orderId': 12237405413, 'symbol': 'BTCUSDT', 'status': 'NEW', 'clientOrderId': 'ksphAbkY4MQk3V9gnbp9JR', 'price': '0.00', 'avgPrice': '0.00', 'origQty': '0.002', 'executedQty': '0.000', 'cumQty': '0.000', 'cumQuote': '0.00000', 'timeInForce': 'GTC', 'type': 'STOP_MARKET', 'reduceOnly': False, 'closePosition': False, 'side': 'SELL', 'positionSide': 'BOTH', 'stopPrice': '60000.00', 'workingType': 'CONTRACT_PRICE', 'priceProtect': False, 'origType': 'STOP_MARKET', 'priceMatch': 'NONE', 'selfTradePreventionMode': 'EXPIRE_MAKER', 'goodTillDate': 0, 'updateTime': 1770969860615}
2026-02-13 13:34:52,507 - INFO - Request: {'symbol': 'BTCUSDT', 'side': 'SELL', 'type': 'STOP_MARKET', 'quantity': 0.002, 'stopPrice': 63000.0}
2026-02-13 13:34:52,866 - INFO - Response: {'orderId': 12237416883, 'symbol': 'BTCUSDT', 'status': 'NEW', 'clientOrderId': 'LbmpGc8eNgY54JXVUHKA26', 'price': '0.00', 'avgPrice': '0.00', 'origQty': '0.002', 'executedQty': '0.000', 'cumQty': '0.000', 'cumQuote': '0.00000', 'timeInForce': 'GTC', 'type': 'STOP_MARKET', 'reduceOnly': False, 'closePosition': False, 'side': 'SELL', 'positionSide': 'BOTH', 'stopPrice': '63000.00', 'workingType': 'CONTRACT_PRICE', 'priceProtect': False, 'origType': 'STOP_MARKET', 'priceMatch': 'NONE', 'selfTradePreventionMode': 'EXPIRE_MAKER', 'goodTillDate': 0, 'updateTime': 1770969892331}
